#
# There is insufficient memory for the Java Runtime Environment to continue.
# Native memory allocation (mmap) failed to map 4096 bytes for object start array expansion
# Possible reasons:
#   The system is out of physical RAM or swap space
#   In 32 bit mode, the process size limit was hit
# Possible solutions:
#   Reduce memory load on the system
#   Increase physical memory or swap space
#   Check if swap backing store is full
#   Use 64 bit Java on a 64 bit OS
#   Decrease Java heap size (-Xmx/-Xms)
#   Decrease number of Java threads
#   Decrease Java thread stack sizes (-Xss)
#   Set larger code cache with -XX:ReservedCodeCacheSize=
# This output file may be truncated or incomplete.
#
#  Out of Memory Error (objectStartArray.cpp:102), pid=3336, tid=0x0000000000002b1c
#
# JRE version: Java(TM) SE Runtime Environment (8.0_131-b11) (build 1.8.0_131-b11)
# Java VM: Java HotSpot(TM) 64-Bit Server VM (25.131-b11 mixed mode windows-amd64 compressed oops)
# Failed to write core dump. Minidumps are not enabled by default on client versions of Windows
#

---------------  T H R E A D  ---------------

Current thread (0x0000000003127000):  GCTaskThread [stack: 0x0000000012920000,0x0000000012a20000] [id=11036]

Stack: [0x0000000012920000,0x0000000012a20000]
[error occurred during error reporting (printing stack bounds), id 0xc0000005]

Native frames: (J=compiled Java code, j=interpreted, Vv=VM code, C=native code)


---------------  P R O C E S S  ---------------

Java Threads: ( => current thread )
  0x00000000172f5800 JavaThread "pool-2-thread-1" [_thread_blocked, id=3084, stack(0x0000000017780000,0x0000000017880000)]
  0x00000000172e7800 JavaThread "pool-1-thread-1" [_thread_blocked, id=9736, stack(0x0000000017680000,0x0000000017780000)]
  0x00000000170a8800 JavaThread "Service Thread" daemon [_thread_blocked, id=1372, stack(0x0000000017480000,0x0000000017580000)]
  0x000000001581a800 JavaThread "C1 CompilerThread2" daemon [_thread_blocked, id=3912, stack(0x0000000016f80000,0x0000000017080000)]
  0x0000000015814000 JavaThread "C2 CompilerThread1" daemon [_thread_blocked, id=5124, stack(0x0000000016e80000,0x0000000016f80000)]
  0x0000000015810800 JavaThread "C2 CompilerThread0" daemon [_thread_blocked, id=6792, stack(0x0000000016d80000,0x0000000016e80000)]
  0x000000001580d000 JavaThread "Attach Listener" daemon [_thread_blocked, id=4340, stack(0x0000000016c80000,0x0000000016d80000)]
  0x000000001580a000 JavaThread "Signal Dispatcher" daemon [_thread_blocked, id=10940, stack(0x0000000016b80000,0x0000000016c80000)]
  0x00000000157fa800 JavaThread "Finalizer" daemon [_thread_blocked, id=4856, stack(0x0000000016a80000,0x0000000016b80000)]
  0x0000000003200000 JavaThread "Reference Handler" daemon [_thread_blocked, id=3848, stack(0x0000000016980000,0x0000000016a80000)]
  0x000000000300d800 JavaThread "main" [_thread_blocked, id=9720, stack(0x0000000003010000,0x0000000003110000)]

Other Threads:
  0x00000000157d7800 VMThread [stack: 0x0000000016880000,0x0000000016980000] [id=9320]
  0x00000000170c3800 WatcherThread [stack: 0x0000000017580000,0x0000000017680000] [id=7060]

=>0x0000000003127000 (exited) GCTaskThread [stack: 0x0000000012920000,0x0000000012a20000] [id=11036]

VM state:at safepoint (normal execution)

VM Mutex/Monitor currently owned by a thread:  ([mutex/lock_event])
[0x000000000300c9e0] ExpandHeap_lock - owner thread: 0x0000000003127000
[0x000000000300d060] Threads_lock - owner thread: 0x00000000157d7800
[0x000000000300c4e0] Heap_lock - owner thread: 0x00000000172e7800

Heap:
 PSYoungGen      total 187392K, used 187387K [0x00000000eb200000, 0x00000000fa780000, 0x0000000100000000)
  eden space 153088K, 100% used [0x00000000eb200000,0x00000000f4780000,0x00000000f4780000)
  from space 34304K, 99% used [0x00000000f6480000,0x00000000f85fef88,0x00000000f8600000)
  to   space 24576K, 99% used [0x00000000f8f80000,0x00000000fa778a98,0x00000000fa780000)
 ParOldGen       total 96256K, used 96251K [0x00000000c1600000, 0x00000000c7480000, 0x00000000eb200000)
  object space 96256K, 99% used [0x00000000c1600000,0x00000000c73fedd8,0x00000000c7400000)
 Metaspace       used 6723K, capacity 7256K, committed 7424K, reserved 1056768K
  class space    used 643K, capacity 656K, committed 768K, reserved 1048576K

Card table byte_map: [0x00000000125d0000,0x00000000127d0000] byte_map_base: 0x0000000011fc5000

Marking Bits: (ParMarkBitMap*) 0x000000005d79c720
 Begin Bits: [0x0000000012d20000, 0x0000000013cc8000)
 End Bits:   [0x0000000013cc8000, 0x0000000014c70000)

Polling page: 0x0000000002d50000

CodeCache: size=245760Kb used=9831Kb max_used=9876Kb free=235928Kb
 bounds [0x0000000003210000, 0x0000000003bc0000, 0x0000000012210000]
 total_blobs=2455 nmethods=2184 adapters=183
 compilation: enabled

Compilation events (10 events):
Event: 5.207 Thread 0x000000001581a800 2277       2       com.android.dx.ssa.back.FirstFitLocalCombiningAllocator::adjustAndMapSourceRangeRange (196 bytes)
Event: 5.208 Thread 0x000000001581a800 nmethod 2277 0x0000000003b94450 code [0x0000000003b94680, 0x0000000003b94d28]
Event: 5.228 Thread 0x000000001581a800 2279       2       com.android.dx.rop.cst.CstLiteral32::compareTo0 (30 bytes)
Event: 5.228 Thread 0x000000001581a800 nmethod 2279 0x0000000003b95890 code [0x0000000003b959e0, 0x0000000003b95bb0]
Event: 5.357 Thread 0x000000001581a800 2283       2       com.android.dx.rop.code.RegisterSpecList::indexOfRegister (38 bytes)
Event: 5.358 Thread 0x000000001581a800 nmethod 2283 0x0000000003ba1810 code [0x0000000003ba1980, 0x0000000003ba1be8]
Event: 5.367 Thread 0x0000000015814000 nmethod 2234 0x0000000003ba1d90 code [0x0000000003ba2800, 0x0000000003bab440]
Event: 5.368 Thread 0x0000000015814000 2265       4       com.android.dx.ssa.SsaMethod::forEachInsn (36 bytes)
Event: 5.372 Thread 0x0000000015814000 nmethod 2265 0x0000000003b9e350 code [0x0000000003b9e4a0, 0x0000000003b9e6c8]
Event: 5.372 Thread 0x0000000015814000 2252       4       java.util.HashMap::resize (359 bytes)

GC Heap History (10 events):
Event: 2.332 GC heap after
Heap after GC invocations=8 (full 0):
 PSYoungGen      total 140288K, used 18424K [0x00000000eb200000, 0x00000000f5900000, 0x0000000100000000)
  eden space 121856K, 0% used [0x00000000eb200000,0x00000000eb200000,0x00000000f2900000)
  from space 18432K, 99% used [0x00000000f3f00000,0x00000000f50fe270,0x00000000f5100000)
  to   space 22528K, 0% used [0x00000000f2900000,0x00000000f2900000,0x00000000f3f00000)
 ParOldGen       total 44032K, used 30888K [0x00000000c1600000, 0x00000000c4100000, 0x00000000eb200000)
  object space 44032K, 70% used [0x00000000c1600000,0x00000000c342a0d0,0x00000000c4100000)
 Metaspace       used 6411K, capacity 7128K, committed 7424K, reserved 1056768K
  class space    used 610K, capacity 656K, committed 768K, reserved 1048576K
}
Event: 2.913 GC heap before
{Heap before GC invocations=9 (full 0):
 PSYoungGen      total 140288K, used 140280K [0x00000000eb200000, 0x00000000f5900000, 0x0000000100000000)
  eden space 121856K, 100% used [0x00000000eb200000,0x00000000f2900000,0x00000000f2900000)
  from space 18432K, 99% used [0x00000000f3f00000,0x00000000f50fe270,0x00000000f5100000)
  to   space 22528K, 0% used [0x00000000f2900000,0x00000000f2900000,0x00000000f3f00000)
 ParOldGen       total 44032K, used 30888K [0x00000000c1600000, 0x00000000c4100000, 0x00000000eb200000)
  object space 44032K, 70% used [0x00000000c1600000,0x00000000c342a0d0,0x00000000c4100000)
 Metaspace       used 6575K, capacity 7256K, committed 7424K, reserved 1056768K
  class space    used 624K, capacity 656K, committed 768K, reserved 1048576K
Event: 2.958 GC heap after
Heap after GC invocations=9 (full 0):
 PSYoungGen      total 144384K, used 22512K [0x00000000eb200000, 0x00000000fae80000, 0x0000000100000000)
  eden space 121856K, 0% used [0x00000000eb200000,0x00000000eb200000,0x00000000f2900000)
  from space 22528K, 99% used [0x00000000f2900000,0x00000000f3efc220,0x00000000f3f00000)
  to   space 31744K, 0% used [0x00000000f8f80000,0x00000000f8f80000,0x00000000fae80000)
 ParOldGen       total 44544K, used 44046K [0x00000000c1600000, 0x00000000c4180000, 0x00000000eb200000)
  object space 44544K, 98% used [0x00000000c1600000,0x00000000c4103a48,0x00000000c4180000)
 Metaspace       used 6575K, capacity 7256K, committed 7424K, reserved 1056768K
  class space    used 624K, capacity 656K, committed 768K, reserved 1048576K
}
Event: 2.958 GC heap before
{Heap before GC invocations=10 (full 1):
 PSYoungGen      total 144384K, used 22512K [0x00000000eb200000, 0x00000000fae80000, 0x0000000100000000)
  eden space 121856K, 0% used [0x00000000eb200000,0x00000000eb200000,0x00000000f2900000)
  from space 22528K, 99% used [0x00000000f2900000,0x00000000f3efc220,0x00000000f3f00000)
  to   space 31744K, 0% used [0x00000000f8f80000,0x00000000f8f80000,0x00000000fae80000)
 ParOldGen       total 44544K, used 44046K [0x00000000c1600000, 0x00000000c4180000, 0x00000000eb200000)
  object space 44544K, 98% used [0x00000000c1600000,0x00000000c4103a48,0x00000000c4180000)
 Metaspace       used 6575K, capacity 7256K, committed 7424K, reserved 1056768K
  class space    used 624K, capacity 656K, committed 768K, reserved 1048576K
Event: 3.348 GC heap after
Heap after GC invocations=10 (full 1):
 PSYoungGen      total 144384K, used 17246K [0x00000000eb200000, 0x00000000fae80000, 0x0000000100000000)
  eden space 121856K, 0% used [0x00000000eb200000,0x00000000eb200000,0x00000000f2900000)
  from space 22528K, 76% used [0x00000000f2900000,0x00000000f39d7ad0,0x00000000f3f00000)
  to   space 31744K, 0% used [0x00000000f8f80000,0x00000000f8f80000,0x00000000fae80000)
 ParOldGen       total 81920K, used 44127K [0x00000000c1600000, 0x00000000c6600000, 0x00000000eb200000)
  object space 81920K, 53% used [0x00000000c1600000,0x00000000c4117e58,0x00000000c6600000)
 Metaspace       used 6575K, capacity 7256K, committed 7424K, reserved 1056768K
  class space    used 624K, capacity 656K, committed 768K, reserved 1048576K
}
Event: 3.908 GC heap before
{Heap before GC invocations=11 (full 1):
 PSYoungGen      total 144384K, used 139102K [0x00000000eb200000, 0x00000000fae80000, 0x0000000100000000)
  eden space 121856K, 100% used [0x00000000eb200000,0x00000000f2900000,0x00000000f2900000)
  from space 22528K, 76% used [0x00000000f2900000,0x00000000f39d7ad0,0x00000000f3f00000)
  to   space 31744K, 0% used [0x00000000f8f80000,0x00000000f8f80000,0x00000000fae80000)
 ParOldGen       total 81920K, used 44127K [0x00000000c1600000, 0x00000000c6600000, 0x00000000eb200000)
  object space 81920K, 53% used [0x00000000c1600000,0x00000000c4117e58,0x00000000c6600000)
 Metaspace       used 6598K, capacity 7256K, committed 7424K, reserved 1056768K
  class space    used 624K, capacity 656K, committed 768K, reserved 1048576K
Event: 3.961 GC heap after
Heap after GC invocations=11 (full 1):
 PSYoungGen      total 177664K, used 24479K [0x00000000eb200000, 0x00000000fa780000, 0x0000000100000000)
  eden space 153088K, 0% used [0x00000000eb200000,0x00000000eb200000,0x00000000f4780000)
  from space 24576K, 99% used [0x00000000f8f80000,0x00000000fa767e70,0x00000000fa780000)
  to   space 34304K, 0% used [0x00000000f6480000,0x00000000f6480000,0x00000000f8600000)
 ParOldGen       total 81920K, used 55414K [0x00000000c1600000, 0x00000000c6600000, 0x00000000eb200000)
  object space 81920K, 67% used [0x00000000c1600000,0x00000000c4c1daa0,0x00000000c6600000)
 Metaspace       used 6598K, capacity 7256K, committed 7424K, reserved 1056768K
  class space    used 624K, capacity 656K, committed 768K, reserved 1048576K
}
Event: 4.666 GC heap before
{Heap before GC invocations=12 (full 1):
 PSYoungGen      total 177664K, used 177567K [0x00000000eb200000, 0x00000000fa780000, 0x0000000100000000)
  eden space 153088K, 100% used [0x00000000eb200000,0x00000000f4780000,0x00000000f4780000)
  from space 24576K, 99% used [0x00000000f8f80000,0x00000000fa767e70,0x00000000fa780000)
  to   space 34304K, 0% used [0x00000000f6480000,0x00000000f6480000,0x00000000f8600000)
 ParOldGen       total 81920K, used 55414K [0x00000000c1600000, 0x00000000c6600000, 0x00000000eb200000)
  object space 81920K, 67% used [0x00000000c1600000,0x00000000c4c1daa0,0x00000000c6600000)
 Metaspace       used 6712K, capacity 7256K, committed 7424K, reserved 1056768K
  class space    used 643K, capacity 656K, committed 768K, reserved 1048576K
Event: 4.748 GC heap after
Heap after GC invocations=12 (full 1):
 PSYoungGen      total 187392K, used 34299K [0x00000000eb200000, 0x00000000fa780000, 0x0000000100000000)
  eden space 153088K, 0% used [0x00000000eb200000,0x00000000eb200000,0x00000000f4780000)
  from space 34304K, 99% used [0x00000000f6480000,0x00000000f85fef88,0x00000000f8600000)
  to   space 24576K, 0% used [0x00000000f8f80000,0x00000000f8f80000,0x00000000fa780000)
 ParOldGen       total 81920K, used 66473K [0x00000000c1600000, 0x00000000c6600000, 0x00000000eb200000)
  object space 81920K, 81% used [0x00000000c1600000,0x00000000c56ea7d8,0x00000000c6600000)
 Metaspace       used 6712K, capacity 7256K, committed 7424K, reserved 1056768K
  class space    used 643K, capacity 656K, committed 768K, reserved 1048576K
}
Event: 5.375 GC heap before
{Heap before GC invocations=13 (full 1):
 PSYoungGen      total 187392K, used 187387K [0x00000000eb200000, 0x00000000fa780000, 0x0000000100000000)
  eden space 153088K, 100% used [0x00000000eb200000,0x00000000f4780000,0x00000000f4780000)
  from space 34304K, 99% used [0x00000000f6480000,0x00000000f85fef88,0x00000000f8600000)
  to   space 24576K, 0% used [0x00000000f8f80000,0x00000000f8f80000,0x00000000fa780000)
 ParOldGen       total 81920K, used 66473K [0x00000000c1600000, 0x00000000c6600000, 0x00000000eb200000)
  object space 81920K, 81% used [0x00000000c1600000,0x00000000c56ea7d8,0x00000000c6600000)
 Metaspace       used 6723K, capacity 7256K, committed 7424K, reserved 1056768K
  class space    used 643K, capacity 656K, committed 768K, reserved 1048576K

Deoptimization events (10 events):
Event: 3.596 Thread 0x00000000172e7800 Uncommon trap: reason=bimorphic action=maybe_recompile pc=0x000000000344bf40 method=java.util.HashMap.getNode(ILjava/lang/Object;)Ljava/util/HashMap$Node; @ 126
Event: 3.988 Thread 0x00000000172e7800 Uncommon trap: reason=unstable_if action=reinterpret pc=0x00000000038a20b4 method=java.util.HashMap.putVal(ILjava/lang/Object;Ljava/lang/Object;ZZ)Ljava/lang/Object; @ 162
Event: 4.156 Thread 0x000000000300d800 Uncommon trap: reason=unstable_if action=reinterpret pc=0x00000000034eeacc method=com.android.dx.ssa.SsaMethod.getExitBlock()Lcom/android/dx/ssa/SsaBasicBlock; @ 4
Event: 4.197 Thread 0x000000000300d800 Uncommon trap: reason=unstable_if action=reinterpret pc=0x00000000038d6ee8 method=java.util.HashMap.putVal(ILjava/lang/Object;Ljava/lang/Object;ZZ)Ljava/lang/Object; @ 162
Event: 4.450 Thread 0x00000000172e7800 Uncommon trap: reason=bimorphic action=maybe_recompile pc=0x0000000003b1d530 method=com.android.dx.ssa.NormalSsaInsn.accept(Lcom/android/dx/ssa/SsaInsn$Visitor;)V @ 9
Event: 4.450 Thread 0x00000000172e7800 Uncommon trap: reason=bimorphic action=maybe_recompile pc=0x0000000003b1d530 method=com.android.dx.ssa.NormalSsaInsn.accept(Lcom/android/dx/ssa/SsaInsn$Visitor;)V @ 9
Event: 4.450 Thread 0x00000000172e7800 Uncommon trap: reason=bimorphic action=maybe_recompile pc=0x0000000003b1d530 method=com.android.dx.ssa.NormalSsaInsn.accept(Lcom/android/dx/ssa/SsaInsn$Visitor;)V @ 9
Event: 4.450 Thread 0x00000000172e7800 Uncommon trap: reason=bimorphic action=maybe_recompile pc=0x0000000003b1d530 method=com.android.dx.ssa.NormalSsaInsn.accept(Lcom/android/dx/ssa/SsaInsn$Visitor;)V @ 9
Event: 4.548 Thread 0x000000000300d800 Uncommon trap: reason=unstable_if action=reinterpret pc=0x0000000003ada1e0 method=java.util.HashMap.getNode(ILjava/lang/Object;)Ljava/util/HashMap$Node; @ 84
Event: 4.771 Thread 0x00000000172e7800 Uncommon trap: reason=unstable_if action=reinterpret pc=0x0000000003b47b90 method=com.android.dx.rop.code.RegisterSpec.equals(ILcom/android/dx/rop/type/TypeBearer;Lcom/android/dx/rop/code/LocalItem;)Z @ 42

Internal exceptions (7 events):
Event: 0.022 Thread 0x000000000300d800 Exception <a 'java/lang/NoSuchMethodError': Method sun.misc.Unsafe.defineClass(Ljava/lang/String;[BII)Ljava/lang/Class; name or signature does not match> (0x00000000eb207ca8) thrown at [C:\re\workspace\8-2-build-windows-amd64-cygwin\jdk8u131\8869\hotspot\
Event: 0.022 Thread 0x000000000300d800 Exception <a 'java/lang/NoSuchMethodError': Method sun.misc.Unsafe.prefetchRead(Ljava/lang/Object;J)V name or signature does not match> (0x00000000eb207f90) thrown at [C:\re\workspace\8-2-build-windows-amd64-cygwin\jdk8u131\8869\hotspot\src\share\vm\prims
Event: 2.549 Thread 0x000000000300d800 Implicit null exception at 0x000000000391ca7e to 0x000000000391d3d9
Event: 2.790 Thread 0x000000000300d800 Implicit null exception at 0x00000000034b7da2 to 0x00000000034b7e9a
Event: 4.193 Thread 0x00000000172e7800 Exception <a 'java/lang/ArrayIndexOutOfBoundsException': 18> (0x00000000ef122d08) thrown at [C:\re\workspace\8-2-build-windows-amd64-cygwin\jdk8u131\8869\hotspot\src\share\vm\interpreter\interpreterRuntime.cpp, line 366]
Event: 4.193 Thread 0x00000000172e7800 Exception <a 'java/lang/ArrayIndexOutOfBoundsException': 145> (0x00000000ef124888) thrown at [C:\re\workspace\8-2-build-windows-amd64-cygwin\jdk8u131\8869\hotspot\src\share\vm\interpreter\interpreterRuntime.cpp, line 366]
Event: 4.194 Thread 0x00000000172e7800 Exception <a 'java/lang/ArrayIndexOutOfBoundsException'> (0x00000000ef125b70) thrown at [C:\re\workspace\8-2-build-windows-amd64-cygwin\jdk8u131\8869\hotspot\src\share\vm\runtime\sharedRuntime.cpp, line 605]

Events (10 events):
Event: 5.225 Thread 0x000000000300d800 DEOPT UNPACKING pc=0x000000000325787f sp=0x000000000310e2f0 mode 0
Event: 5.245 Thread 0x000000000300d800 DEOPT PACKING pc=0x0000000003b17ba1 sp=0x000000000310e400
Event: 5.245 Thread 0x000000000300d800 DEOPT UNPACKING pc=0x000000000325787f sp=0x000000000310e170 mode 0
Event: 5.276 Thread 0x00000000172e7800 DEOPT PACKING pc=0x0000000003b17ba1 sp=0x000000001777e990
Event: 5.276 Thread 0x00000000172e7800 DEOPT UNPACKING pc=0x000000000325787f sp=0x000000001777e700 mode 0
Event: 5.329 Thread 0x000000000300d800 DEOPT PACKING pc=0x0000000003b17ba1 sp=0x000000000310e200
Event: 5.329 Thread 0x000000000300d800 DEOPT UNPACKING pc=0x000000000325787f sp=0x000000000310df70 mode 0
Event: 5.356 Thread 0x000000000300d800 DEOPT PACKING pc=0x0000000003b17ba1 sp=0x000000000310e200
Event: 5.356 Thread 0x000000000300d800 DEOPT UNPACKING pc=0x000000000325787f sp=0x000000000310df70 mode 0
Event: 5.374 Executing VM operation: ParallelGCFailedAllocation


Dynamic libraries:
0x00007ff6007d0000 - 0x00007ff600807000 	C:\Program Files\Java\jdk1.8.0_131\bin\java.exe
0x00007ff908970000 - 0x00007ff908b32000 	C:\Windows\SYSTEM32\ntdll.dll
0x00007ff906170000 - 0x00007ff90621d000 	C:\Windows\system32\KERNEL32.DLL
0x00007ff905bc0000 - 0x00007ff905d9d000 	C:\Windows\system32\KERNELBASE.dll
0x00007ff9084e0000 - 0x00007ff908586000 	C:\Windows\system32\ADVAPI32.dll
0x00007ff908440000 - 0x00007ff9084dd000 	C:\Windows\system32\msvcrt.dll
0x00007ff908380000 - 0x00007ff9083db000 	C:\Windows\system32\sechost.dll
0x00007ff907760000 - 0x00007ff907886000 	C:\Windows\system32\RPCRT4.dll
0x00007ff9080d0000 - 0x00007ff90821e000 	C:\Windows\system32\USER32.dll
0x00007ff907de0000 - 0x00007ff907f63000 	C:\Windows\system32\GDI32.dll
0x00007ff8f7300000 - 0x00007ff8f7574000 	C:\Windows\WinSxS\amd64_microsoft.windows.common-controls_6595b64144ccf1df_6.0.10240.17184_none_f41d7a705752bce6\COMCTL32.dll
0x00007ff908590000 - 0x00007ff9085c6000 	C:\Windows\system32\IMM32.DLL
0x00007ff907f70000 - 0x00007ff9080cc000 	C:\Windows\system32\MSCTF.dll
0x000000005d820000 - 0x000000005d8f2000 	C:\Program Files\Java\jdk1.8.0_131\jre\bin\msvcr100.dll
0x000000005cf80000 - 0x000000005d81c000 	C:\Program Files\Java\jdk1.8.0_131\jre\bin\server\jvm.dll
0x00007ff908370000 - 0x00007ff908378000 	C:\Windows\system32\PSAPI.DLL
0x00007ff901bb0000 - 0x00007ff901bd3000 	C:\Windows\SYSTEM32\WINMM.dll
0x00007ff902be0000 - 0x00007ff902bea000 	C:\Windows\SYSTEM32\VERSION.dll
0x00007ff8fd0c0000 - 0x00007ff8fd0c9000 	C:\Windows\SYSTEM32\WSOCK32.dll
0x00007ff908650000 - 0x00007ff9086b9000 	C:\Windows\system32\WS2_32.dll
0x00007ff906220000 - 0x00007ff906228000 	C:\Windows\system32\NSI.dll
0x00007ff901b80000 - 0x00007ff901bac000 	C:\Windows\SYSTEM32\WINMMBASE.dll
0x00007ff905ac0000 - 0x00007ff905b04000 	C:\Windows\system32\cfgmgr32.dll
0x00007ff903d10000 - 0x00007ff903d37000 	C:\Windows\SYSTEM32\DEVOBJ.dll
0x000000005cf70000 - 0x000000005cf7f000 	C:\Program Files\Java\jdk1.8.0_131\jre\bin\verify.dll
0x000000005cf40000 - 0x000000005cf69000 	C:\Program Files\Java\jdk1.8.0_131\jre\bin\java.dll
0x000000005cf20000 - 0x000000005cf36000 	C:\Program Files\Java\jdk1.8.0_131\jre\bin\zip.dll
0x00007ff906230000 - 0x00007ff907753000 	C:\Windows\system32\SHELL32.dll
0x00007ff905430000 - 0x00007ff905a59000 	C:\Windows\system32\windows.storage.dll
0x00007ff907a40000 - 0x00007ff907cbc000 	C:\Windows\system32\combase.dll
0x00007ff906040000 - 0x00007ff906091000 	C:\Windows\system32\shlwapi.dll
0x00007ff905420000 - 0x00007ff90542f000 	C:\Windows\system32\kernel.appcore.dll
0x00007ff905f70000 - 0x00007ff906023000 	C:\Windows\system32\shcore.dll
0x00007ff9053d0000 - 0x00007ff90541a000 	C:\Windows\system32\powrprof.dll
0x00007ff905390000 - 0x00007ff9053a3000 	C:\Windows\system32\profapi.dll

VM Arguments:
java_command: C:\Program Files (x86)\Android\android-sdk\build-tools\25.0.3\\lib\dx.jar --dex --no-strict --output obj\Debug\android\bin C:\Users\user\Documents\GitHub\fantacodeintern\DemoApp\DemoApp\DemoApp.Android\obj\Debug\android\bin\classes\classes.zip C:\Program Files (x86)\Microsoft Visual Studio\2017\Community\Common7\IDE\ReferenceAssemblies\Microsoft\Framework\MonoAndroid\v7.1\mono.android.jar obj\Debug\lp\1\jl\formsviewgroup.jar obj\Debug\lp\10\jl\bin\classes.jar obj\Debug\lp\11\jl\bin\classes.jar obj\Debug\lp\12\jl\bin\classes.jar obj\Debug\lp\13\jl\bin\classes.jar obj\Debug\lp\14\jl\bin\classes.jar obj\Debug\lp\15\jl\bin\classes.jar obj\Debug\lp\16\jl\bin\classes.jar obj\Debug\lp\17\jl\bin\classes.jar obj\Debug\lp\18\jl\bin\classes.jar obj\Debug\lp\19\jl\bin\classes.jar obj\Debug\lp\20\jl\bin\classes.jar obj\Debug\lp\21\jl\bin\classes.jar obj\Debug\lp\22\jl\bin\classes.jar obj\Debug\lp\23\jl\bin\classes.jar obj\Debug\lp\8\jl\bin\classes.jar
java_class_path (initial): C:\Program Files (x86)\Android\android-sdk\build-tools\25.0.3\\lib\dx.jar
Launcher Type: SUN_STANDARD

Environment Variables:
PATH=C:\Program Files\Java\jdk1.8.0_131\bin;C:\ProgramData\Oracle\Java\javapath;C:\Windows\system32;C:\Windows;C:\Windows\System32\Wbem;C:\Windows\System32\WindowsPowerShell\v1.0\;C:\Users\user\AppData\Local\Programs\Python\Python36-32;C:\Users\user\AppData\Local\Programs\Python\Python36-32\Scripts;C:\Users\user\.dnx\bin;C:\Program Files\Microsoft DNX\Dnvm\;C:\Program Files\Microsoft SQL Server\130\Tools\Binn\;C:\Program Files (x86)\MiKTeX 2.9\miktex\bin\;C:\Program Files\dotnet\;;C:\Program Files\Microsoft VS Code\bin;D:\Program Files\Microsoft VS Code\bin
USERNAME=user
OS=Windows_NT
PROCESSOR_IDENTIFIER=Intel64 Family 6 Model 60 Stepping 3, GenuineIntel



---------------  S Y S T E M  ---------------

OS: Windows 10.0 , 64 bit Build 10240 (10.0.10240.17113)

CPU:total 4 (initial active 4) (2 cores per cpu, 2 threads per core) family 6 model 60 stepping 3, cmov, cx8, fxsr, mmx, sse, sse2, sse3, ssse3, sse4.1, sse4.2, popcnt, avx, avx2, aes, clmul, erms, lzcnt, ht, tsc, tscinvbit, bmi1, bmi2

Memory: 4k page, physical 4104164k(602508k free), swap 5360884k(3428k free)

vm_info: Java HotSpot(TM) 64-Bit Server VM (25.131-b11) for windows-amd64 JRE (1.8.0_131-b11), built on Mar 15 2017 01:23:53 by "java_re" with MS VC++ 10.0 (VS2010)

time: Sat Jan 13 23:57:58 2018
elapsed time: 5 seconds (0d 0h 0m 5s)

