#
# There is insufficient memory for the Java Runtime Environment to continue.
# Native memory allocation (malloc) failed to allocate 1048576 bytes for AllocateHeap
# Possible reasons:
#   The system is out of physical RAM or swap space
#   In 32 bit mode, the process size limit was hit
# Possible solutions:
#   Reduce memory load on the system
#   Increase physical memory or swap space
#   Check if swap backing store is full
#   Use 64 bit Java on a 64 bit OS
#   Decrease Java heap size (-Xmx/-Xms)
#   Decrease number of Java threads
#   Decrease Java thread stack sizes (-Xss)
#   Set larger code cache with -XX:ReservedCodeCacheSize=
# This output file may be truncated or incomplete.
#
#  Out of Memory Error (memory/allocation.inline.hpp:61), pid=6556, tid=0x0000000000002b58
#
# JRE version:  (8.0_131-b11) (build )
# Java VM: Java HotSpot(TM) 64-Bit Server VM (25.131-b11 mixed mode windows-amd64 compressed oops)
# Failed to write core dump. Minidumps are not enabled by default on client versions of Windows
#

---------------  T H R E A D  ---------------

Current thread (0x0000000002b60800):  JavaThread "Unknown thread" [_thread_in_vm, id=11096, stack(0x0000000002a60000,0x0000000002b60000)]

Stack: [0x0000000002a60000,0x0000000002b60000]
[error occurred during error reporting (printing stack bounds), id 0xc0000005]

Native frames: (J=compiled Java code, j=interpreted, Vv=VM code, C=native code)


---------------  P R O C E S S  ---------------

Java Threads: ( => current thread )

Other Threads:

=>0x0000000002b60800 (exited) JavaThread "Unknown thread" [_thread_in_vm, id=11096, stack(0x0000000002a60000,0x0000000002b60000)]

VM state:not at safepoint (normal execution)

VM Mutex/Monitor currently owned by a thread: None

Heap:
 PSYoungGen      total 18944K, used 327K [0x00000000eb200000, 0x00000000ec700000, 0x0000000100000000)
  eden space 16384K, 2% used [0x00000000eb200000,0x00000000eb251ec8,0x00000000ec200000)
  from space 2560K, 0% used [0x00000000ec480000,0x00000000ec480000,0x00000000ec700000)
  to   space 2560K, 0% used [0x00000000ec200000,0x00000000ec200000,0x00000000ec480000)
 ParOldGen       total 44032K, used 0K [0x00000000c1600000, 0x00000000c4100000, 0x00000000eb200000)
  object space 44032K, 0% used [0x00000000c1600000,0x00000000c1600000,0x00000000c4100000)
 Metaspace       used 770K, capacity 4480K, committed 4480K, reserved 1056768K
  class space    used 75K, capacity 384K, committed 384K, reserved 1048576K

Card table byte_map: [0x0000000012020000,0x0000000012220000] byte_map_base: 0x0000000011a15000

Marking Bits: (ParMarkBitMap*) 0x000000005d79c720
 Begin Bits: [0x0000000012770000, 0x0000000013718000)
 End Bits:   [0x0000000013718000, 0x00000000146c0000)

Polling page: 0x0000000002910000

CodeCache: size=245760Kb used=328Kb max_used=328Kb free=245431Kb
 bounds [0x0000000002c60000, 0x0000000002ed0000, 0x0000000011c60000]
 total_blobs=58 nmethods=0 adapters=38
 compilation: enabled

Compilation events (0 events):
No events

GC Heap History (0 events):
No events

Deoptimization events (0 events):
No events

Internal exceptions (0 events):
No events

Events (10 events):
Event: 0.028 loading class java/lang/Short
Event: 0.028 loading class java/lang/Short done
Event: 0.028 loading class java/lang/Integer
Event: 0.028 loading class java/lang/Integer done
Event: 0.028 loading class java/lang/Long
Event: 0.028 loading class java/lang/Long done
Event: 0.029 loading class java/lang/NullPointerException
Event: 0.029 loading class java/lang/NullPointerException done
Event: 0.029 loading class java/lang/ArithmeticException
Event: 0.030 loading class java/lang/ArithmeticException done


Dynamic libraries:
0x00007ff6007d0000 - 0x00007ff600807000 	C:\Program Files\Java\jdk1.8.0_131\bin\java.exe
0x00007ff908970000 - 0x00007ff908b32000 	C:\Windows\SYSTEM32\ntdll.dll
0x00007ff906170000 - 0x00007ff90621d000 	C:\Windows\system32\KERNEL32.DLL
0x00007ff905bc0000 - 0x00007ff905d9d000 	C:\Windows\system32\KERNELBASE.dll
0x00007ff9084e0000 - 0x00007ff908586000 	C:\Windows\system32\ADVAPI32.dll
0x00007ff908440000 - 0x00007ff9084dd000 	C:\Windows\system32\msvcrt.dll
0x00007ff908380000 - 0x00007ff9083db000 	C:\Windows\system32\sechost.dll
0x00007ff907760000 - 0x00007ff907886000 	C:\Windows\system32\RPCRT4.dll
0x00007ff9080d0000 - 0x00007ff90821e000 	C:\Windows\system32\USER32.dll
0x00007ff907de0000 - 0x00007ff907f63000 	C:\Windows\system32\GDI32.dll
0x00007ff8f7300000 - 0x00007ff8f7574000 	C:\Windows\WinSxS\amd64_microsoft.windows.common-controls_6595b64144ccf1df_6.0.10240.17184_none_f41d7a705752bce6\COMCTL32.dll
0x00007ff908590000 - 0x00007ff9085c6000 	C:\Windows\system32\IMM32.DLL
0x00007ff907f70000 - 0x00007ff9080cc000 	C:\Windows\system32\MSCTF.dll
0x000000005d820000 - 0x000000005d8f2000 	C:\Program Files\Java\jdk1.8.0_131\jre\bin\msvcr100.dll
0x000000005cf80000 - 0x000000005d81c000 	C:\Program Files\Java\jdk1.8.0_131\jre\bin\server\jvm.dll
0x00007ff908370000 - 0x00007ff908378000 	C:\Windows\system32\PSAPI.DLL
0x00007ff8fa890000 - 0x00007ff8fa899000 	C:\Windows\SYSTEM32\WSOCK32.dll
0x00007ff901bb0000 - 0x00007ff901bd3000 	C:\Windows\SYSTEM32\WINMM.dll
0x00007ff908650000 - 0x00007ff9086b9000 	C:\Windows\system32\WS2_32.dll
0x00007ff906220000 - 0x00007ff906228000 	C:\Windows\system32\NSI.dll
0x00007ff902be0000 - 0x00007ff902bea000 	C:\Windows\SYSTEM32\VERSION.dll
0x00007ff901b80000 - 0x00007ff901bac000 	C:\Windows\SYSTEM32\WINMMBASE.dll
0x00007ff905ac0000 - 0x00007ff905b04000 	C:\Windows\system32\cfgmgr32.dll
0x00007ff903d10000 - 0x00007ff903d37000 	C:\Windows\SYSTEM32\DEVOBJ.dll
0x000000005cf70000 - 0x000000005cf7f000 	C:\Program Files\Java\jdk1.8.0_131\jre\bin\verify.dll
0x000000005cf40000 - 0x000000005cf69000 	C:\Program Files\Java\jdk1.8.0_131\jre\bin\java.dll
0x000000005cf20000 - 0x000000005cf36000 	C:\Program Files\Java\jdk1.8.0_131\jre\bin\zip.dll

VM Arguments:
java_command: <unknown>
java_class_path (initial): .
Launcher Type: SUN_STANDARD

Environment Variables:
PATH=C:\Program Files\Java\jdk1.8.0_131\bin;C:\ProgramData\Oracle\Java\javapath;C:\Windows\system32;C:\Windows;C:\Windows\System32\Wbem;C:\Windows\System32\WindowsPowerShell\v1.0\;C:\Users\user\AppData\Local\Programs\Python\Python36-32;C:\Users\user\AppData\Local\Programs\Python\Python36-32\Scripts;C:\Users\user\.dnx\bin;C:\Program Files\Microsoft DNX\Dnvm\;C:\Program Files\Microsoft SQL Server\130\Tools\Binn\;C:\Program Files (x86)\MiKTeX 2.9\miktex\bin\;C:\Program Files\dotnet\;;C:\Program Files\Microsoft VS Code\bin;D:\Program Files\Microsoft VS Code\bin
USERNAME=user
OS=Windows_NT
PROCESSOR_IDENTIFIER=Intel64 Family 6 Model 60 Stepping 3, GenuineIntel



---------------  S Y S T E M  ---------------

OS: Windows 10.0 , 64 bit Build 10240 (10.0.10240.17113)

CPU:total 4 (initial active 4) (2 cores per cpu, 2 threads per core) family 6 model 60 stepping 3, cmov, cx8, fxsr, mmx, sse, sse2, sse3, ssse3, sse4.1, sse4.2, popcnt, avx, avx2, aes, clmul, erms, lzcnt, ht, tsc, tscinvbit, bmi1, bmi2

Memory: 4k page, physical 4104164k(529820k free), swap 5359388k(5452k free)

vm_info: Java HotSpot(TM) 64-Bit Server VM (25.131-b11) for windows-amd64 JRE (1.8.0_131-b11), built on Mar 15 2017 01:23:53 by "java_re" with MS VC++ 10.0 (VS2010)

time: Sat Jan 13 22:49:15 2018
elapsed time: 0 seconds (0d 0h 0m 0s)

