#
# There is insufficient memory for the Java Runtime Environment to continue.
# Native memory allocation (malloc) failed to allocate 2313264 bytes for Chunk::new
# Possible reasons:
#   The system is out of physical RAM or swap space
#   In 32 bit mode, the process size limit was hit
# Possible solutions:
#   Reduce memory load on the system
#   Increase physical memory or swap space
#   Check if swap backing store is full
#   Use 64 bit Java on a 64 bit OS
#   Decrease Java heap size (-Xmx/-Xms)
#   Decrease number of Java threads
#   Decrease Java thread stack sizes (-Xss)
#   Set larger code cache with -XX:ReservedCodeCacheSize=
# This output file may be truncated or incomplete.
#
#  Out of Memory Error (allocation.cpp:390), pid=10928, tid=0x0000000000001f70
#
# JRE version: Java(TM) SE Runtime Environment (8.0_131-b11) (build 1.8.0_131-b11)
# Java VM: Java HotSpot(TM) 64-Bit Server VM (25.131-b11 mixed mode windows-amd64 compressed oops)
# Failed to write core dump. Minidumps are not enabled by default on client versions of Windows
#

---------------  T H R E A D  ---------------

Current thread (0x0000000014db3000):  JavaThread "C2 CompilerThread1" daemon [_thread_in_native, id=8048, stack(0x00000000164f0000,0x00000000165f0000)]

Stack: [0x00000000164f0000,0x00000000165f0000]
[error occurred during error reporting (printing stack bounds), id 0xc0000005]

Native frames: (J=compiled Java code, j=interpreted, Vv=VM code, C=native code)


Current CompileTask:
C2:   6552 2155   !   4       com.android.dx.cf.code.Ropper::processBlock (1101 bytes)


---------------  P R O C E S S  ---------------

Java Threads: ( => current thread )
  0x0000000016978000 JavaThread "pool-2-thread-1" [_thread_blocked, id=11220, stack(0x0000000016df0000,0x0000000016ef0000)]
  0x0000000016977000 JavaThread "pool-1-thread-1" [_thread_in_Java, id=8940, stack(0x0000000016cf0000,0x0000000016df0000)]
  0x0000000016718800 JavaThread "Service Thread" daemon [_thread_blocked, id=7312, stack(0x0000000016af0000,0x0000000016bf0000)]
  0x0000000014db6000 JavaThread "C1 CompilerThread2" daemon [_thread_blocked, id=424, stack(0x00000000165f0000,0x00000000166f0000)]
=>0x0000000014db3000 JavaThread "C2 CompilerThread1" daemon [_thread_in_native, id=8048, stack(0x00000000164f0000,0x00000000165f0000)]
  0x0000000014daf800 JavaThread "C2 CompilerThread0" daemon [_thread_in_native, id=1712, stack(0x00000000163f0000,0x00000000164f0000)]
  0x0000000014dac800 JavaThread "Attach Listener" daemon [_thread_blocked, id=4660, stack(0x00000000162f0000,0x00000000163f0000)]
  0x0000000014dab000 JavaThread "Signal Dispatcher" daemon [_thread_blocked, id=10284, stack(0x00000000161f0000,0x00000000162f0000)]
  0x00000000027ae000 JavaThread "Finalizer" daemon [_thread_blocked, id=11960, stack(0x0000000016010000,0x0000000016110000)]
  0x00000000027a3000 JavaThread "Reference Handler" daemon [_thread_blocked, id=7072, stack(0x0000000015f10000,0x0000000016010000)]
  0x00000000026ad800 JavaThread "main" [_thread_in_Java, id=9028, stack(0x0000000002530000,0x0000000002630000)]

Other Threads:
  0x0000000014d77800 VMThread [stack: 0x0000000015e10000,0x0000000015f10000] [id=5540]
  0x0000000016747000 WatcherThread [stack: 0x0000000016bf0000,0x0000000016cf0000] [id=12216]

VM state:not at safepoint (normal execution)

VM Mutex/Monitor currently owned by a thread: None

Heap:
 PSYoungGen      total 183808K, used 60507K [0x00000000eb200000, 0x00000000fbe00000, 0x0000000100000000)
  eden space 134144K, 8% used [0x00000000eb200000,0x00000000ebc9aa90,0x00000000f3500000)
  from space 49664K, 99% used [0x00000000f3500000,0x00000000f657c530,0x00000000f6580000)
  to   space 54272K, 0% used [0x00000000f8900000,0x00000000f8900000,0x00000000fbe00000)
 ParOldGen       total 129024K, used 104767K [0x00000000c1600000, 0x00000000c9400000, 0x00000000eb200000)
  object space 129024K, 81% used [0x00000000c1600000,0x00000000c7c4fe50,0x00000000c9400000)
 Metaspace       used 6728K, capacity 7256K, committed 7424K, reserved 1056768K
  class space    used 643K, capacity 656K, committed 768K, reserved 1048576K

Card table byte_map: [0x0000000011b70000,0x0000000011d70000] byte_map_base: 0x0000000011565000

Marking Bits: (ParMarkBitMap*) 0x000000005d79c720
 Begin Bits: [0x00000000122c0000, 0x0000000013268000)
 End Bits:   [0x0000000013268000, 0x0000000014210000)

Polling page: 0x0000000000e40000

CodeCache: size=245760Kb used=10183Kb max_used=10205Kb free=235576Kb
 bounds [0x00000000027b0000, 0x00000000031b0000, 0x00000000117b0000]
 total_blobs=2503 nmethods=2232 adapters=183
 compilation: enabled

Compilation events (10 events):
Event: 6.407 Thread 0x0000000014db6000 2344       2       com.android.dx.cf.code.SwitchList::<init> (37 bytes)
Event: 6.407 Thread 0x0000000014db6000 nmethod 2344 0x000000000316fdd0 code [0x000000000316ff40, 0x00000000031701f8]
Event: 6.407 Thread 0x0000000014db6000 2345       1       com.android.dx.rop.code.SwitchInsn::getCases (5 bytes)
Event: 6.407 Thread 0x0000000014db6000 nmethod 2345 0x000000000316fb10 code [0x000000000316fc60, 0x000000000316fd70]
Event: 6.407 Thread 0x0000000014db6000 2346       1       com.android.dx.dex.code.SwitchData::isPacked (5 bytes)
Event: 6.407 Thread 0x0000000014db6000 nmethod 2346 0x000000000316f850 code [0x000000000316f9a0, 0x000000000316fab0]
Event: 6.408 Thread 0x0000000014db6000 2347       2       com.android.dx.cf.code.SwitchList::setDefaultTarget (51 bytes)
Event: 6.409 Thread 0x0000000014db6000 nmethod 2347 0x000000000319a210 code [0x000000000319a3c0, 0x000000000319a758]
Event: 6.409 Thread 0x0000000014db6000 2348       2       com.android.dx.cf.code.SwitchList::setImmutable (19 bytes)
Event: 6.409 Thread 0x0000000014db6000 nmethod 2348 0x000000000316f4d0 code [0x000000000316f620, 0x000000000316f790]

GC Heap History (10 events):
Event: 3.890 GC heap before
{Heap before GC invocations=11 (full 1):
 PSYoungGen      total 145920K, used 145909K [0x00000000eb200000, 0x00000000f8f80000, 0x0000000100000000)
  eden space 111616K, 100% used [0x00000000eb200000,0x00000000f1f00000,0x00000000f1f00000)
  from space 34304K, 99% used [0x00000000f1f00000,0x00000000f407d4b0,0x00000000f4080000)
  to   space 43008K, 0% used [0x00000000f6580000,0x00000000f6580000,0x00000000f8f80000)
 ParOldGen       total 71680K, used 55201K [0x00000000c1600000, 0x00000000c5c00000, 0x00000000eb200000)
  object space 71680K, 77% used [0x00000000c1600000,0x00000000c4be8580,0x00000000c5c00000)
 Metaspace       used 6710K, capacity 7256K, committed 7424K, reserved 1056768K
  class space    used 643K, capacity 656K, committed 768K, reserved 1048576K
Event: 4.006 GC heap after
Heap after GC invocations=11 (full 1):
 PSYoungGen      total 177152K, used 42104K [0x00000000eb200000, 0x00000000fa200000, 0x0000000100000000)
  eden space 134144K, 0% used [0x00000000eb200000,0x00000000eb200000,0x00000000f3500000)
  from space 43008K, 97% used [0x00000000f6580000,0x00000000f8e9e198,0x00000000f8f80000)
  to   space 49664K, 0% used [0x00000000f3500000,0x00000000f3500000,0x00000000f6580000)
 ParOldGen       total 71680K, used 62858K [0x00000000c1600000, 0x00000000c5c00000, 0x00000000eb200000)
  object space 71680K, 87% used [0x00000000c1600000,0x00000000c5362a60,0x00000000c5c00000)
 Metaspace       used 6710K, capacity 7256K, committed 7424K, reserved 1056768K
  class space    used 643K, capacity 656K, committed 768K, reserved 1048576K
}
Event: 4.006 GC heap before
{Heap before GC invocations=12 (full 2):
 PSYoungGen      total 177152K, used 42104K [0x00000000eb200000, 0x00000000fa200000, 0x0000000100000000)
  eden space 134144K, 0% used [0x00000000eb200000,0x00000000eb200000,0x00000000f3500000)
  from space 43008K, 97% used [0x00000000f6580000,0x00000000f8e9e198,0x00000000f8f80000)
  to   space 49664K, 0% used [0x00000000f3500000,0x00000000f3500000,0x00000000f6580000)
 ParOldGen       total 71680K, used 62858K [0x00000000c1600000, 0x00000000c5c00000, 0x00000000eb200000)
  object space 71680K, 87% used [0x00000000c1600000,0x00000000c5362a60,0x00000000c5c00000)
 Metaspace       used 6710K, capacity 7256K, committed 7424K, reserved 1056768K
  class space    used 643K, capacity 656K, committed 768K, reserved 1048576K
Event: 4.654 GC heap after
Heap after GC invocations=12 (full 2):
 PSYoungGen      total 177152K, used 27044K [0x00000000eb200000, 0x00000000fa200000, 0x0000000100000000)
  eden space 134144K, 0% used [0x00000000eb200000,0x00000000eb200000,0x00000000f3500000)
  from space 43008K, 62% used [0x00000000f6580000,0x00000000f7fe9178,0x00000000f8f80000)
  to   space 49664K, 0% used [0x00000000f3500000,0x00000000f3500000,0x00000000f6580000)
 ParOldGen       total 129024K, used 71189K [0x00000000c1600000, 0x00000000c9400000, 0x00000000eb200000)
  object space 129024K, 55% used [0x00000000c1600000,0x00000000c5b854b0,0x00000000c9400000)
 Metaspace       used 6710K, capacity 7256K, committed 7424K, reserved 1056768K
  class space    used 643K, capacity 656K, committed 768K, reserved 1048576K
}
Event: 5.260 GC heap before
{Heap before GC invocations=13 (full 2):
 PSYoungGen      total 177152K, used 161188K [0x00000000eb200000, 0x00000000fa200000, 0x0000000100000000)
  eden space 134144K, 100% used [0x00000000eb200000,0x00000000f3500000,0x00000000f3500000)
  from space 43008K, 62% used [0x00000000f6580000,0x00000000f7fe9178,0x00000000f8f80000)
  to   space 49664K, 0% used [0x00000000f3500000,0x00000000f3500000,0x00000000f6580000)
 ParOldGen       total 129024K, used 71189K [0x00000000c1600000, 0x00000000c9400000, 0x00000000eb200000)
  object space 129024K, 55% used [0x00000000c1600000,0x00000000c5b854b0,0x00000000c9400000)
 Metaspace       used 6720K, capacity 7256K, committed 7424K, reserved 1056768K
  class space    used 643K, capacity 656K, committed 768K, reserved 1048576K
Event: 5.339 GC heap after
Heap after GC invocations=13 (full 2):
 PSYoungGen      total 183808K, used 40816K [0x00000000eb200000, 0x00000000fbe00000, 0x0000000100000000)
  eden space 134144K, 0% used [0x00000000eb200000,0x00000000eb200000,0x00000000f3500000)
  from space 49664K, 82% used [0x00000000f3500000,0x00000000f5cdc010,0x00000000f6580000)
  to   space 54272K, 0% used [0x00000000f8900000,0x00000000f8900000,0x00000000fbe00000)
 ParOldGen       total 129024K, used 75461K [0x00000000c1600000, 0x00000000c9400000, 0x00000000eb200000)
  object space 129024K, 58% used [0x00000000c1600000,0x00000000c5fb14b0,0x00000000c9400000)
 Metaspace       used 6720K, capacity 7256K, committed 7424K, reserved 1056768K
  class space    used 643K, capacity 656K, committed 768K, reserved 1048576K
}
Event: 5.844 GC heap before
{Heap before GC invocations=14 (full 2):
 PSYoungGen      total 183808K, used 174960K [0x00000000eb200000, 0x00000000fbe00000, 0x0000000100000000)
  eden space 134144K, 100% used [0x00000000eb200000,0x00000000f3500000,0x00000000f3500000)
  from space 49664K, 82% used [0x00000000f3500000,0x00000000f5cdc010,0x00000000f6580000)
  to   space 54272K, 0% used [0x00000000f8900000,0x00000000f8900000,0x00000000fbe00000)
 ParOldGen       total 129024K, used 75461K [0x00000000c1600000, 0x00000000c9400000, 0x00000000eb200000)
  object space 129024K, 58% used [0x00000000c1600000,0x00000000c5fb14b0,0x00000000c9400000)
 Metaspace       used 6723K, capacity 7256K, committed 7424K, reserved 1056768K
  class space    used 643K, capacity 656K, committed 768K, reserved 1048576K
Event: 5.916 GC heap after
Heap after GC invocations=14 (full 2):
 PSYoungGen      total 188416K, used 54257K [0x00000000eb200000, 0x00000000fbe00000, 0x0000000100000000)
  eden space 134144K, 0% used [0x00000000eb200000,0x00000000eb200000,0x00000000f3500000)
  from space 54272K, 99% used [0x00000000f8900000,0x00000000fbdfc708,0x00000000fbe00000)
  to   space 49664K, 0% used [0x00000000f3500000,0x00000000f3500000,0x00000000f6580000)
 ParOldGen       total 129024K, used 80657K [0x00000000c1600000, 0x00000000c9400000, 0x00000000eb200000)
  object space 129024K, 62% used [0x00000000c1600000,0x00000000c64c44c0,0x00000000c9400000)
 Metaspace       used 6723K, capacity 7256K, committed 7424K, reserved 1056768K
  class space    used 643K, capacity 656K, committed 768K, reserved 1048576K
}
Event: 6.412 GC heap before
{Heap before GC invocations=15 (full 2):
 PSYoungGen      total 188416K, used 188401K [0x00000000eb200000, 0x00000000fbe00000, 0x0000000100000000)
  eden space 134144K, 100% used [0x00000000eb200000,0x00000000f3500000,0x00000000f3500000)
  from space 54272K, 99% used [0x00000000f8900000,0x00000000fbdfc708,0x00000000fbe00000)
  to   space 49664K, 0% used [0x00000000f3500000,0x00000000f3500000,0x00000000f6580000)
 ParOldGen       total 129024K, used 80657K [0x00000000c1600000, 0x00000000c9400000, 0x00000000eb200000)
  object space 129024K, 62% used [0x00000000c1600000,0x00000000c64c44c0,0x00000000c9400000)
 Metaspace       used 6728K, capacity 7256K, committed 7424K, reserved 1056768K
  class space    used 643K, capacity 656K, committed 768K, reserved 1048576K
Event: 6.513 GC heap after
Heap after GC invocations=15 (full 2):
 PSYoungGen      total 183808K, used 49649K [0x00000000eb200000, 0x00000000fbe00000, 0x0000000100000000)
  eden space 134144K, 0% used [0x00000000eb200000,0x00000000eb200000,0x00000000f3500000)
  from space 49664K, 99% used [0x00000000f3500000,0x00000000f657c530,0x00000000f6580000)
  to   space 54272K, 0% used [0x00000000f8900000,0x00000000f8900000,0x00000000fbe00000)
 ParOldGen       total 129024K, used 104767K [0x00000000c1600000, 0x00000000c9400000, 0x00000000eb200000)
  object space 129024K, 81% used [0x00000000c1600000,0x00000000c7c4fe50,0x00000000c9400000)
 Metaspace       used 6728K, capacity 7256K, committed 7424K, reserved 1056768K
  class space    used 643K, capacity 656K, committed 768K, reserved 1048576K
}

Deoptimization events (10 events):
Event: 3.493 Thread 0x0000000016977000 Uncommon trap: reason=unstable_if action=reinterpret pc=0x0000000002a0fdf4 method=com.android.dx.ssa.SsaMethod.getExitBlock()Lcom/android/dx/ssa/SsaBasicBlock; @ 4
Event: 3.650 Thread 0x00000000026ad800 Uncommon trap: reason=unstable_if action=reinterpret pc=0x00000000030751f4 method=java.util.HashMap.putVal(ILjava/lang/Object;Ljava/lang/Object;ZZ)Ljava/lang/Object; @ 162
Event: 4.666 Thread 0x0000000016977000 Uncommon trap: reason=speculate_class_check action=maybe_recompile pc=0x00000000030ab184 method=com.android.dx.ssa.SsaInsn.mapRegisters(Lcom/android/dx/ssa/RegisterMapper;)V @ 31
Event: 4.666 Thread 0x00000000026ad800 Uncommon trap: reason=speculate_class_check action=maybe_recompile pc=0x00000000030ab184 method=com.android.dx.ssa.SsaInsn.mapRegisters(Lcom/android/dx/ssa/RegisterMapper;)V @ 31
Event: 4.670 Thread 0x0000000016977000 Uncommon trap: reason=speculate_class_check action=maybe_recompile pc=0x00000000030ab184 method=com.android.dx.ssa.SsaInsn.mapRegisters(Lcom/android/dx/ssa/RegisterMapper;)V @ 31
Event: 4.670 Thread 0x00000000026ad800 Uncommon trap: reason=speculate_class_check action=maybe_recompile pc=0x00000000030ab184 method=com.android.dx.ssa.SsaInsn.mapRegisters(Lcom/android/dx/ssa/RegisterMapper;)V @ 31
Event: 4.670 Thread 0x00000000026ad800 Uncommon trap: reason=unstable_if action=reinterpret pc=0x000000000301296c method=java.util.HashMap.getNode(ILjava/lang/Object;)Ljava/util/HashMap$Node; @ 84
Event: 5.117 Thread 0x0000000016977000 Uncommon trap: reason=unstable_if action=reinterpret pc=0x000000000310db54 method=com.android.dx.rop.code.RegisterSpec.equals(ILcom/android/dx/rop/type/TypeBearer;Lcom/android/dx/rop/code/LocalItem;)Z @ 42
Event: 5.705 Thread 0x0000000016977000 Uncommon trap: reason=unstable_if action=reinterpret pc=0x000000000316c8e0 method=com.android.dx.ssa.NormalSsaInsn.getLocalAssignment()Lcom/android/dx/rop/code/RegisterSpec; @ 12
Event: 5.706 Thread 0x0000000016977000 Uncommon trap: reason=unstable_if action=reinterpret pc=0x0000000002abf7a8 method=com.android.dx.ssa.NormalSsaInsn.getLocalAssignment()Lcom/android/dx/rop/code/RegisterSpec; @ 12

Internal exceptions (6 events):
Event: 0.023 Thread 0x00000000026ad800 Exception <a 'java/lang/NoSuchMethodError': Method sun.misc.Unsafe.defineClass(Ljava/lang/String;[BII)Ljava/lang/Class; name or signature does not match> (0x00000000eb207ca8) thrown at [C:\re\workspace\8-2-build-windows-amd64-cygwin\jdk8u131\8869\hotspot\
Event: 0.023 Thread 0x00000000026ad800 Exception <a 'java/lang/NoSuchMethodError': Method sun.misc.Unsafe.prefetchRead(Ljava/lang/Object;J)V name or signature does not match> (0x00000000eb207f90) thrown at [C:\re\workspace\8-2-build-windows-amd64-cygwin\jdk8u131\8869\hotspot\src\share\vm\prims
Event: 2.476 Thread 0x0000000016977000 Implicit null exception at 0x0000000002a79de2 to 0x0000000002a79eda
Event: 3.528 Thread 0x00000000026ad800 Exception <a 'java/lang/ArrayIndexOutOfBoundsException': 18> (0x00000000ec1337d0) thrown at [C:\re\workspace\8-2-build-windows-amd64-cygwin\jdk8u131\8869\hotspot\src\share\vm\interpreter\interpreterRuntime.cpp, line 366]
Event: 3.528 Thread 0x00000000026ad800 Exception <a 'java/lang/ArrayIndexOutOfBoundsException': 145> (0x00000000ec135350) thrown at [C:\re\workspace\8-2-build-windows-amd64-cygwin\jdk8u131\8869\hotspot\src\share\vm\interpreter\interpreterRuntime.cpp, line 366]
Event: 3.529 Thread 0x00000000026ad800 Exception <a 'java/lang/ArrayIndexOutOfBoundsException'> (0x00000000ec136638) thrown at [C:\re\workspace\8-2-build-windows-amd64-cygwin\jdk8u131\8869\hotspot\src\share\vm\runtime\sharedRuntime.cpp, line 605]

Events (10 events):
Event: 6.168 Thread 0x00000000026ad800 DEOPT PACKING pc=0x0000000002ab593d sp=0x000000000262e5e0
Event: 6.168 Thread 0x00000000026ad800 DEOPT UNPACKING pc=0x00000000027f787f sp=0x000000000262e380 mode 0
Event: 6.281 Thread 0x00000000026ad800 DEOPT PACKING pc=0x0000000002ab593d sp=0x000000000262e5e0
Event: 6.281 Thread 0x00000000026ad800 DEOPT UNPACKING pc=0x00000000027f787f sp=0x000000000262e380 mode 0
Event: 6.325 Thread 0x00000000026ad800 DEOPT PACKING pc=0x0000000002da8515 sp=0x000000000262e4c0
Event: 6.325 Thread 0x00000000026ad800 DEOPT UNPACKING pc=0x00000000027f787f sp=0x000000000262e278 mode 0
Event: 6.384 Thread 0x00000000026ad800 DEOPT PACKING pc=0x0000000002ab593d sp=0x000000000262e5e0
Event: 6.384 Thread 0x00000000026ad800 DEOPT UNPACKING pc=0x00000000027f787f sp=0x000000000262e380 mode 0
Event: 6.412 Executing VM operation: ParallelGCFailedAllocation
Event: 6.513 Executing VM operation: ParallelGCFailedAllocation done


Dynamic libraries:
0x00007ff6007d0000 - 0x00007ff600807000 	C:\Program Files\Java\jdk1.8.0_131\bin\java.exe
0x00007ff908970000 - 0x00007ff908b32000 	C:\Windows\SYSTEM32\ntdll.dll
0x00007ff906170000 - 0x00007ff90621d000 	C:\Windows\system32\KERNEL32.DLL
0x00007ff905bc0000 - 0x00007ff905d9d000 	C:\Windows\system32\KERNELBASE.dll
0x00007ff9084e0000 - 0x00007ff908586000 	C:\Windows\system32\ADVAPI32.dll
0x00007ff908440000 - 0x00007ff9084dd000 	C:\Windows\system32\msvcrt.dll
0x00007ff908380000 - 0x00007ff9083db000 	C:\Windows\system32\sechost.dll
0x00007ff907760000 - 0x00007ff907886000 	C:\Windows\system32\RPCRT4.dll
0x00007ff9080d0000 - 0x00007ff90821e000 	C:\Windows\system32\USER32.dll
0x00007ff907de0000 - 0x00007ff907f63000 	C:\Windows\system32\GDI32.dll
0x00007ff8f7300000 - 0x00007ff8f7574000 	C:\Windows\WinSxS\amd64_microsoft.windows.common-controls_6595b64144ccf1df_6.0.10240.17184_none_f41d7a705752bce6\COMCTL32.dll
0x00007ff908590000 - 0x00007ff9085c6000 	C:\Windows\system32\IMM32.DLL
0x00007ff907f70000 - 0x00007ff9080cc000 	C:\Windows\system32\MSCTF.dll
0x000000005d820000 - 0x000000005d8f2000 	C:\Program Files\Java\jdk1.8.0_131\jre\bin\msvcr100.dll
0x000000005cf80000 - 0x000000005d81c000 	C:\Program Files\Java\jdk1.8.0_131\jre\bin\server\jvm.dll
0x00007ff908370000 - 0x00007ff908378000 	C:\Windows\system32\PSAPI.DLL
0x00007ff902be0000 - 0x00007ff902bea000 	C:\Windows\SYSTEM32\VERSION.dll
0x00007ff8fd0c0000 - 0x00007ff8fd0c9000 	C:\Windows\SYSTEM32\WSOCK32.dll
0x00007ff901bb0000 - 0x00007ff901bd3000 	C:\Windows\SYSTEM32\WINMM.dll
0x00007ff908650000 - 0x00007ff9086b9000 	C:\Windows\system32\WS2_32.dll
0x00007ff901b80000 - 0x00007ff901bac000 	C:\Windows\SYSTEM32\WINMMBASE.dll
0x00007ff906220000 - 0x00007ff906228000 	C:\Windows\system32\NSI.dll
0x00007ff905ac0000 - 0x00007ff905b04000 	C:\Windows\system32\cfgmgr32.dll
0x00007ff903d10000 - 0x00007ff903d37000 	C:\Windows\SYSTEM32\DEVOBJ.dll
0x000000005cf70000 - 0x000000005cf7f000 	C:\Program Files\Java\jdk1.8.0_131\jre\bin\verify.dll
0x000000005cf40000 - 0x000000005cf69000 	C:\Program Files\Java\jdk1.8.0_131\jre\bin\java.dll
0x000000005cf20000 - 0x000000005cf36000 	C:\Program Files\Java\jdk1.8.0_131\jre\bin\zip.dll
0x00007ff906230000 - 0x00007ff907753000 	C:\Windows\system32\SHELL32.dll
0x00007ff905430000 - 0x00007ff905a59000 	C:\Windows\system32\windows.storage.dll
0x00007ff907a40000 - 0x00007ff907cbc000 	C:\Windows\system32\combase.dll
0x00007ff906040000 - 0x00007ff906091000 	C:\Windows\system32\shlwapi.dll
0x00007ff905420000 - 0x00007ff90542f000 	C:\Windows\system32\kernel.appcore.dll
0x00007ff905f70000 - 0x00007ff906023000 	C:\Windows\system32\shcore.dll
0x00007ff9053d0000 - 0x00007ff90541a000 	C:\Windows\system32\powrprof.dll
0x00007ff905390000 - 0x00007ff9053a3000 	C:\Windows\system32\profapi.dll

VM Arguments:
java_command: C:\Program Files (x86)\Android\android-sdk\build-tools\25.0.3\\lib\dx.jar --dex --no-strict --output obj\Debug\android\bin C:\Users\user\Documents\GitHub\fantacodeintern\DemoApp\DemoApp\DemoApp.Android\obj\Debug\android\bin\classes\classes.zip C:\Program Files (x86)\Microsoft Visual Studio\2017\Community\Common7\IDE\ReferenceAssemblies\Microsoft\Framework\MonoAndroid\v7.1\mono.android.jar obj\Debug\lp\1\jl\formsviewgroup.jar obj\Debug\lp\10\jl\bin\classes.jar obj\Debug\lp\11\jl\bin\classes.jar obj\Debug\lp\12\jl\bin\classes.jar obj\Debug\lp\13\jl\bin\classes.jar obj\Debug\lp\14\jl\bin\classes.jar obj\Debug\lp\15\jl\bin\classes.jar obj\Debug\lp\16\jl\bin\classes.jar obj\Debug\lp\17\jl\bin\classes.jar obj\Debug\lp\18\jl\bin\classes.jar obj\Debug\lp\19\jl\bin\classes.jar obj\Debug\lp\20\jl\bin\classes.jar obj\Debug\lp\21\jl\bin\classes.jar obj\Debug\lp\22\jl\bin\classes.jar obj\Debug\lp\23\jl\bin\classes.jar obj\Debug\lp\8\jl\bin\classes.jar
java_class_path (initial): C:\Program Files (x86)\Android\android-sdk\build-tools\25.0.3\\lib\dx.jar
Launcher Type: SUN_STANDARD

Environment Variables:
PATH=C:\Program Files\Java\jdk1.8.0_131\bin;C:\ProgramData\Oracle\Java\javapath;C:\Windows\system32;C:\Windows;C:\Windows\System32\Wbem;C:\Windows\System32\WindowsPowerShell\v1.0\;C:\Users\user\AppData\Local\Programs\Python\Python36-32;C:\Users\user\AppData\Local\Programs\Python\Python36-32\Scripts;C:\Users\user\.dnx\bin;C:\Program Files\Microsoft DNX\Dnvm\;C:\Program Files\Microsoft SQL Server\130\Tools\Binn\;C:\Program Files (x86)\MiKTeX 2.9\miktex\bin\;C:\Program Files\dotnet\;;C:\Program Files\Microsoft VS Code\bin;D:\Program Files\Microsoft VS Code\bin
USERNAME=user
OS=Windows_NT
PROCESSOR_IDENTIFIER=Intel64 Family 6 Model 60 Stepping 3, GenuineIntel



---------------  S Y S T E M  ---------------

OS: Windows 10.0 , 64 bit Build 10240 (10.0.10240.17113)

CPU:total 4 (initial active 4) (2 cores per cpu, 2 threads per core) family 6 model 60 stepping 3, cmov, cx8, fxsr, mmx, sse, sse2, sse3, ssse3, sse4.1, sse4.2, popcnt, avx, avx2, aes, clmul, erms, lzcnt, ht, tsc, tscinvbit, bmi1, bmi2

Memory: 4k page, physical 4104164k(364592k free), swap 5360884k(11644k free)

vm_info: Java HotSpot(TM) 64-Bit Server VM (25.131-b11) for windows-amd64 JRE (1.8.0_131-b11), built on Mar 15 2017 01:23:53 by "java_re" with MS VC++ 10.0 (VS2010)

time: Sat Jan 13 23:51:53 2018
elapsed time: 6 seconds (0d 0h 0m 6s)

