#
# There is insufficient memory for the Java Runtime Environment to continue.
# Native memory allocation (malloc) failed to allocate 32744 bytes for ChunkPool::allocate
# Possible reasons:
#   The system is out of physical RAM or swap space
#   In 32 bit mode, the process size limit was hit
# Possible solutions:
#   Reduce memory load on the system
#   Increase physical memory or swap space
#   Check if swap backing store is full
#   Use 64 bit Java on a 64 bit OS
#   Decrease Java heap size (-Xmx/-Xms)
#   Decrease number of Java threads
#   Decrease Java thread stack sizes (-Xss)
#   Set larger code cache with -XX:ReservedCodeCacheSize=
# This output file may be truncated or incomplete.
#
#  Out of Memory Error (allocation.cpp:273), pid=8892, tid=0x00000000000014c4
#
# JRE version: Java(TM) SE Runtime Environment (8.0_131-b11) (build 1.8.0_131-b11)
# Java VM: Java HotSpot(TM) 64-Bit Server VM (25.131-b11 mixed mode windows-amd64 compressed oops)
# Failed to write core dump. Minidumps are not enabled by default on client versions of Windows
#

---------------  T H R E A D  ---------------

Current thread (0x0000000014f8f800):  JavaThread "C2 CompilerThread0" daemon [_thread_in_native, id=5316, stack(0x00000000165c0000,0x00000000166c0000)]

Stack: [0x00000000165c0000,0x00000000166c0000]
[error occurred during error reporting (printing stack bounds), id 0xc0000005]

Native frames: (J=compiled Java code, j=interpreted, Vv=VM code, C=native code)


Current CompileTask:
C2:   6928 2413       4       com.android.dx.ssa.DeadCodeRemover::run (194 bytes)


---------------  P R O C E S S  ---------------

Java Threads: ( => current thread )
  0x0000000016b2a000 JavaThread "pool-2-thread-1" [_thread_blocked, id=3396, stack(0x0000000016fc0000,0x00000000170c0000)]
  0x0000000016b29000 JavaThread "pool-1-thread-1" [_thread_in_vm, id=6948, stack(0x0000000016ec0000,0x0000000016fc0000)]
  0x00000000168d8800 JavaThread "Service Thread" daemon [_thread_blocked, id=4052, stack(0x0000000016cc0000,0x0000000016dc0000)]
  0x0000000014f99800 JavaThread "C1 CompilerThread2" daemon [_thread_blocked, id=11332, stack(0x00000000167c0000,0x00000000168c0000)]
  0x0000000014f93000 JavaThread "C2 CompilerThread1" daemon [_thread_in_native, id=11472, stack(0x00000000166c0000,0x00000000167c0000)]
=>0x0000000014f8f800 JavaThread "C2 CompilerThread0" daemon [_thread_in_native, id=5316, stack(0x00000000165c0000,0x00000000166c0000)]
  0x0000000014f8c800 JavaThread "Attach Listener" daemon [_thread_blocked, id=1180, stack(0x00000000164c0000,0x00000000165c0000)]
  0x0000000014f8b000 JavaThread "Signal Dispatcher" daemon [_thread_blocked, id=9052, stack(0x00000000163c0000,0x00000000164c0000)]
  0x000000000298e000 JavaThread "Finalizer" daemon [_thread_blocked, id=11528, stack(0x00000000161e0000,0x00000000162e0000)]
  0x0000000002983000 JavaThread "Reference Handler" daemon [_thread_blocked, id=11580, stack(0x00000000160e0000,0x00000000161e0000)]
  0x0000000000a4d800 JavaThread "main" [_thread_in_Java, id=5224, stack(0x0000000002790000,0x0000000002890000)]

Other Threads:
  0x0000000014f57800 VMThread [stack: 0x0000000015fe0000,0x00000000160e0000] [id=9336]
  0x00000000168ff000 WatcherThread [stack: 0x0000000016dc0000,0x0000000016ec0000] [id=9656]

VM state:not at safepoint (normal execution)

VM Mutex/Monitor currently owned by a thread: None

Heap:
 PSYoungGen      total 181760K, used 176502K [0x00000000eb200000, 0x00000000f9b00000, 0x0000000100000000)
  eden space 133120K, 96% used [0x00000000eb200000,0x00000000f2ee2520,0x00000000f3400000)
  from space 48640K, 99% used [0x00000000f3400000,0x00000000f637b640,0x00000000f6380000)
  to   space 43008K, 0% used [0x00000000f6380000,0x00000000f6380000,0x00000000f8d80000)
 ParOldGen       total 129536K, used 106321K [0x00000000c1600000, 0x00000000c9480000, 0x00000000eb200000)
  object space 129536K, 82% used [0x00000000c1600000,0x00000000c7dd4670,0x00000000c9480000)
 Metaspace       used 6732K, capacity 7320K, committed 7680K, reserved 1056768K
  class space    used 643K, capacity 656K, committed 768K, reserved 1048576K

Card table byte_map: [0x0000000011d50000,0x0000000011f50000] byte_map_base: 0x0000000011745000

Marking Bits: (ParMarkBitMap*) 0x000000005d79c720
 Begin Bits: [0x00000000124a0000, 0x0000000013448000)
 End Bits:   [0x0000000013448000, 0x00000000143f0000)

Polling page: 0x0000000002600000

CodeCache: size=245760Kb used=10592Kb max_used=10592Kb free=235167Kb
 bounds [0x0000000002990000, 0x0000000003400000, 0x0000000011990000]
 total_blobs=2566 nmethods=2295 adapters=183
 compilation: enabled

Compilation events (10 events):
Event: 6.645 Thread 0x0000000014f99800 2419       3       com.android.dx.ssa.SsaMethod::mapRegisters (87 bytes)
Event: 6.646 Thread 0x0000000014f99800 nmethod 2419 0x00000000033ed0d0 code [0x00000000033ed340, 0x00000000033ee468]
Event: 6.667 Thread 0x0000000014f99800 2421       2       com.android.dx.dex.file.AnnotationsDirectoryItem::addFieldAnnotations (44 bytes)
Event: 6.668 Thread 0x0000000014f99800 nmethod 2421 0x00000000033ec7d0 code [0x00000000033ec960, 0x00000000033ecda8]
Event: 6.668 Thread 0x0000000014f99800 2422       2       com.android.dx.dex.file.FieldAnnotationStruct::<init> (43 bytes)
Event: 6.668 Thread 0x0000000014f99800 nmethod 2422 0x00000000033d4210 code [0x00000000033d43a0, 0x00000000033d4678]
Event: 6.694 Thread 0x0000000014f99800 2423       2       com.android.dx.rop.code.Rops::opCmpl (53 bytes)
Event: 6.694 Thread 0x0000000014f99800 nmethod 2423 0x00000000033d3890 code [0x00000000033d3a60, 0x00000000033d3ef8]
Event: 6.919 Thread 0x0000000014f99800 2428  s    1       java.io.ByteArrayOutputStream::reset (6 bytes)
Event: 6.919 Thread 0x0000000014f99800 nmethod 2428 0x00000000033ec390 code [0x00000000033ec4e0, 0x00000000033ec750]

GC Heap History (10 events):
Event: 4.089 GC heap before
{Heap before GC invocations=11 (full 1):
 PSYoungGen      total 143360K, used 143339K [0x00000000eb200000, 0x00000000f8d80000, 0x0000000100000000)
  eden space 109056K, 100% used [0x00000000eb200000,0x00000000f1c80000,0x00000000f1c80000)
  from space 34304K, 99% used [0x00000000f1c80000,0x00000000f3dfafc0,0x00000000f3e00000)
  to   space 43008K, 0% used [0x00000000f6380000,0x00000000f6380000,0x00000000f8d80000)
 ParOldGen       total 71680K, used 54831K [0x00000000c1600000, 0x00000000c5c00000, 0x00000000eb200000)
  object space 71680K, 76% used [0x00000000c1600000,0x00000000c4b8bcd8,0x00000000c5c00000)
 Metaspace       used 6713K, capacity 7256K, committed 7424K, reserved 1056768K
  class space    used 643K, capacity 656K, committed 768K, reserved 1048576K
Event: 4.181 GC heap after
Heap after GC invocations=11 (full 1):
 PSYoungGen      total 176128K, used 39562K [0x00000000eb200000, 0x00000000f9b00000, 0x0000000100000000)
  eden space 133120K, 0% used [0x00000000eb200000,0x00000000eb200000,0x00000000f3400000)
  from space 43008K, 91% used [0x00000000f6380000,0x00000000f8a22a40,0x00000000f8d80000)
  to   space 48640K, 0% used [0x00000000f3400000,0x00000000f3400000,0x00000000f6380000)
 ParOldGen       total 71680K, used 64814K [0x00000000c1600000, 0x00000000c5c00000, 0x00000000eb200000)
  object space 71680K, 90% used [0x00000000c1600000,0x00000000c554bbc0,0x00000000c5c00000)
 Metaspace       used 6713K, capacity 7256K, committed 7424K, reserved 1056768K
  class space    used 643K, capacity 656K, committed 768K, reserved 1048576K
}
Event: 4.181 GC heap before
{Heap before GC invocations=12 (full 2):
 PSYoungGen      total 176128K, used 39562K [0x00000000eb200000, 0x00000000f9b00000, 0x0000000100000000)
  eden space 133120K, 0% used [0x00000000eb200000,0x00000000eb200000,0x00000000f3400000)
  from space 43008K, 91% used [0x00000000f6380000,0x00000000f8a22a40,0x00000000f8d80000)
  to   space 48640K, 0% used [0x00000000f3400000,0x00000000f3400000,0x00000000f6380000)
 ParOldGen       total 71680K, used 64814K [0x00000000c1600000, 0x00000000c5c00000, 0x00000000eb200000)
  object space 71680K, 90% used [0x00000000c1600000,0x00000000c554bbc0,0x00000000c5c00000)
 Metaspace       used 6713K, capacity 7256K, committed 7424K, reserved 1056768K
  class space    used 643K, capacity 656K, committed 768K, reserved 1048576K
Event: 4.700 GC heap after
Heap after GC invocations=12 (full 2):
 PSYoungGen      total 176128K, used 26570K [0x00000000eb200000, 0x00000000f9b00000, 0x0000000100000000)
  eden space 133120K, 0% used [0x00000000eb200000,0x00000000eb200000,0x00000000f3400000)
  from space 43008K, 61% used [0x00000000f6380000,0x00000000f7d72928,0x00000000f8d80000)
  to   space 48640K, 0% used [0x00000000f3400000,0x00000000f3400000,0x00000000f6380000)
 ParOldGen       total 129536K, used 71537K [0x00000000c1600000, 0x00000000c9480000, 0x00000000eb200000)
  object space 129536K, 55% used [0x00000000c1600000,0x00000000c5bdc4f0,0x00000000c9480000)
 Metaspace       used 6713K, capacity 7256K, committed 7424K, reserved 1056768K
  class space    used 643K, capacity 656K, committed 768K, reserved 1048576K
}
Event: 5.315 GC heap before
{Heap before GC invocations=13 (full 2):
 PSYoungGen      total 176128K, used 159690K [0x00000000eb200000, 0x00000000f9b00000, 0x0000000100000000)
  eden space 133120K, 100% used [0x00000000eb200000,0x00000000f3400000,0x00000000f3400000)
  from space 43008K, 61% used [0x00000000f6380000,0x00000000f7d72928,0x00000000f8d80000)
  to   space 48640K, 0% used [0x00000000f3400000,0x00000000f3400000,0x00000000f6380000)
 ParOldGen       total 129536K, used 71537K [0x00000000c1600000, 0x00000000c9480000, 0x00000000eb200000)
  object space 129536K, 55% used [0x00000000c1600000,0x00000000c5bdc4f0,0x00000000c9480000)
 Metaspace       used 6722K, capacity 7256K, committed 7424K, reserved 1056768K
  class space    used 643K, capacity 656K, committed 768K, reserved 1048576K
Event: 5.375 GC heap after
Heap after GC invocations=13 (full 2):
 PSYoungGen      total 181760K, used 43289K [0x00000000eb200000, 0x00000000f9b00000, 0x0000000100000000)
  eden space 133120K, 0% used [0x00000000eb200000,0x00000000eb200000,0x00000000f3400000)
  from space 48640K, 89% used [0x00000000f3400000,0x00000000f5e46788,0x00000000f6380000)
  to   space 43008K, 0% used [0x00000000f6380000,0x00000000f6380000,0x00000000f8d80000)
 ParOldGen       total 129536K, used 73113K [0x00000000c1600000, 0x00000000c9480000, 0x00000000eb200000)
  object space 129536K, 56% used [0x00000000c1600000,0x00000000c5d664f0,0x00000000c9480000)
 Metaspace       used 6722K, capacity 7256K, committed 7424K, reserved 1056768K
  class space    used 643K, capacity 656K, committed 768K, reserved 1048576K
}
Event: 5.882 GC heap before
{Heap before GC invocations=14 (full 2):
 PSYoungGen      total 181760K, used 176409K [0x00000000eb200000, 0x00000000f9b00000, 0x0000000100000000)
  eden space 133120K, 100% used [0x00000000eb200000,0x00000000f3400000,0x00000000f3400000)
  from space 48640K, 89% used [0x00000000f3400000,0x00000000f5e46788,0x00000000f6380000)
  to   space 43008K, 0% used [0x00000000f6380000,0x00000000f6380000,0x00000000f8d80000)
 ParOldGen       total 129536K, used 73113K [0x00000000c1600000, 0x00000000c9480000, 0x00000000eb200000)
  object space 129536K, 56% used [0x00000000c1600000,0x00000000c5d664f0,0x00000000c9480000)
 Metaspace       used 6724K, capacity 7256K, committed 7424K, reserved 1056768K
  class space    used 643K, capacity 656K, committed 768K, reserved 1048576K
Event: 5.982 GC heap after
Heap after GC invocations=14 (full 2):
 PSYoungGen      total 176128K, used 42995K [0x00000000eb200000, 0x00000000f9b00000, 0x0000000100000000)
  eden space 133120K, 0% used [0x00000000eb200000,0x00000000eb200000,0x00000000f3400000)
  from space 43008K, 99% used [0x00000000f6380000,0x00000000f8d7ce18,0x00000000f8d80000)
  to   space 48640K, 0% used [0x00000000f3400000,0x00000000f3400000,0x00000000f6380000)
 ParOldGen       total 129536K, used 92553K [0x00000000c1600000, 0x00000000c9480000, 0x00000000eb200000)
  object space 129536K, 71% used [0x00000000c1600000,0x00000000c7062508,0x00000000c9480000)
 Metaspace       used 6724K, capacity 7256K, committed 7424K, reserved 1056768K
  class space    used 643K, capacity 656K, committed 768K, reserved 1048576K
}
Event: 6.382 GC heap before
{Heap before GC invocations=15 (full 2):
 PSYoungGen      total 176128K, used 176115K [0x00000000eb200000, 0x00000000f9b00000, 0x0000000100000000)
  eden space 133120K, 100% used [0x00000000eb200000,0x00000000f3400000,0x00000000f3400000)
  from space 43008K, 99% used [0x00000000f6380000,0x00000000f8d7ce18,0x00000000f8d80000)
  to   space 48640K, 0% used [0x00000000f3400000,0x00000000f3400000,0x00000000f6380000)
 ParOldGen       total 129536K, used 92553K [0x00000000c1600000, 0x00000000c9480000, 0x00000000eb200000)
  object space 129536K, 71% used [0x00000000c1600000,0x00000000c7062508,0x00000000c9480000)
 Metaspace       used 6729K, capacity 7320K, committed 7680K, reserved 1056768K
  class space    used 643K, capacity 656K, committed 768K, reserved 1048576K
Event: 6.479 GC heap after
Heap after GC invocations=15 (full 2):
 PSYoungGen      total 181760K, used 48621K [0x00000000eb200000, 0x00000000f9b00000, 0x0000000100000000)
  eden space 133120K, 0% used [0x00000000eb200000,0x00000000eb200000,0x00000000f3400000)
  from space 48640K, 99% used [0x00000000f3400000,0x00000000f637b640,0x00000000f6380000)
  to   space 43008K, 0% used [0x00000000f6380000,0x00000000f6380000,0x00000000f8d80000)
 ParOldGen       total 129536K, used 106321K [0x00000000c1600000, 0x00000000c9480000, 0x00000000eb200000)
  object space 129536K, 82% used [0x00000000c1600000,0x00000000c7dd4670,0x00000000c9480000)
 Metaspace       used 6729K, capacity 7320K, committed 7680K, reserved 1056768K
  class space    used 643K, capacity 656K, committed 768K, reserved 1048576K
}

Deoptimization events (10 events):
Event: 3.683 Thread 0x0000000016b29000 Uncommon trap: reason=unstable_if action=reinterpret pc=0x0000000003259178 method=java.util.HashMap.putVal(ILjava/lang/Object;Ljava/lang/Object;ZZ)Ljava/lang/Object; @ 162
Event: 3.719 Thread 0x0000000016b29000 Uncommon trap: reason=bimorphic action=maybe_recompile pc=0x00000000032072e0 method=java.util.HashMap.getNode(ILjava/lang/Object;)Ljava/util/HashMap$Node; @ 126
Event: 3.719 Thread 0x0000000016b29000 Uncommon trap: reason=bimorphic action=maybe_recompile pc=0x00000000032072e0 method=java.util.HashMap.getNode(ILjava/lang/Object;)Ljava/util/HashMap$Node; @ 126
Event: 3.859 Thread 0x0000000000a4d800 Uncommon trap: reason=bimorphic action=maybe_recompile pc=0x00000000032c1a74 method=com.android.dx.ssa.NormalSsaInsn.accept(Lcom/android/dx/ssa/SsaInsn$Visitor;)V @ 9
Event: 3.859 Thread 0x0000000000a4d800 Uncommon trap: reason=bimorphic action=maybe_recompile pc=0x00000000032c1a74 method=com.android.dx.ssa.NormalSsaInsn.accept(Lcom/android/dx/ssa/SsaInsn$Visitor;)V @ 9
Event: 3.859 Thread 0x0000000000a4d800 Uncommon trap: reason=bimorphic action=maybe_recompile pc=0x00000000032c1a74 method=com.android.dx.ssa.NormalSsaInsn.accept(Lcom/android/dx/ssa/SsaInsn$Visitor;)V @ 9
Event: 3.859 Thread 0x0000000000a4d800 Uncommon trap: reason=bimorphic action=maybe_recompile pc=0x00000000032c1a74 method=com.android.dx.ssa.NormalSsaInsn.accept(Lcom/android/dx/ssa/SsaInsn$Visitor;)V @ 9
Event: 3.926 Thread 0x0000000000a4d800 Uncommon trap: reason=unstable_if action=reinterpret pc=0x00000000032d9ae0 method=com.android.dx.rop.code.RegisterSpec.equals(ILcom/android/dx/rop/type/TypeBearer;Lcom/android/dx/rop/code/LocalItem;)Z @ 42
Event: 5.041 Thread 0x0000000016b29000 Uncommon trap: reason=unstable_if action=reinterpret pc=0x000000000331e840 method=com.android.dx.ssa.SCCP.simulateBranch(Lcom/android/dx/ssa/SsaInsn;)V @ 548
Event: 6.645 Thread 0x0000000000a4d800 Uncommon trap: reason=unstable_if action=reinterpret pc=0x00000000032f7c08 method=java.util.HashMap.putVal(ILjava/lang/Object;Ljava/lang/Object;ZZ)Ljava/lang/Object; @ 109

Internal exceptions (8 events):
Event: 0.022 Thread 0x0000000000a4d800 Exception <a 'java/lang/NoSuchMethodError': Method sun.misc.Unsafe.defineClass(Ljava/lang/String;[BII)Ljava/lang/Class; name or signature does not match> (0x00000000eb207ca8) thrown at [C:\re\workspace\8-2-build-windows-amd64-cygwin\jdk8u131\8869\hotspot\
Event: 0.023 Thread 0x0000000000a4d800 Exception <a 'java/lang/NoSuchMethodError': Method sun.misc.Unsafe.prefetchRead(Ljava/lang/Object;J)V name or signature does not match> (0x00000000eb207f90) thrown at [C:\re\workspace\8-2-build-windows-amd64-cygwin\jdk8u131\8869\hotspot\src\share\vm\prims
Event: 2.293 Thread 0x0000000000a4d800 Implicit null exception at 0x00000000030f920d to 0x00000000030f9b45
Event: 2.597 Thread 0x0000000000a4d800 Implicit null exception at 0x0000000002c41c62 to 0x0000000002c41d5a
Event: 2.693 Thread 0x0000000016b29000 Implicit null exception at 0x00000000031efbfa to 0x00000000031f2e21
Event: 3.652 Thread 0x0000000000a4d800 Exception <a 'java/lang/ArrayIndexOutOfBoundsException': 18> (0x00000000ec391130) thrown at [C:\re\workspace\8-2-build-windows-amd64-cygwin\jdk8u131\8869\hotspot\src\share\vm\interpreter\interpreterRuntime.cpp, line 366]
Event: 3.652 Thread 0x0000000000a4d800 Exception <a 'java/lang/ArrayIndexOutOfBoundsException': 145> (0x00000000ec392cb0) thrown at [C:\re\workspace\8-2-build-windows-amd64-cygwin\jdk8u131\8869\hotspot\src\share\vm\interpreter\interpreterRuntime.cpp, line 366]
Event: 3.653 Thread 0x0000000000a4d800 Exception <a 'java/lang/ArrayIndexOutOfBoundsException'> (0x00000000ec393f98) thrown at [C:\re\workspace\8-2-build-windows-amd64-cygwin\jdk8u131\8869\hotspot\src\share\vm\runtime\sharedRuntime.cpp, line 605]

Events (10 events):
Event: 6.716 Thread 0x0000000000a4d800 DEOPT PACKING pc=0x00000000033ee2ec sp=0x000000000288e500
Event: 6.716 Thread 0x0000000000a4d800 DEOPT UNPACKING pc=0x00000000029d787f sp=0x000000000288e280 mode 0
Event: 6.771 Thread 0x0000000016b29000 DEOPT PACKING pc=0x00000000033ee2ec sp=0x0000000016fbed90
Event: 6.771 Thread 0x0000000016b29000 DEOPT UNPACKING pc=0x00000000029d787f sp=0x0000000016fbeb10 mode 0
Event: 6.799 Thread 0x0000000000a4d800 DEOPT PACKING pc=0x00000000033ee2ec sp=0x000000000288e500
Event: 6.799 Thread 0x0000000000a4d800 DEOPT UNPACKING pc=0x00000000029d787f sp=0x000000000288e280 mode 0
Event: 6.837 Thread 0x0000000016b29000 DEOPT PACKING pc=0x00000000033ee2ec sp=0x0000000016fbed90
Event: 6.837 Thread 0x0000000016b29000 DEOPT UNPACKING pc=0x00000000029d787f sp=0x0000000016fbeb10 mode 0
Event: 6.885 Thread 0x0000000000a4d800 DEOPT PACKING pc=0x00000000033ee2ec sp=0x000000000288e500
Event: 6.885 Thread 0x0000000000a4d800 DEOPT UNPACKING pc=0x00000000029d787f sp=0x000000000288e280 mode 0


Dynamic libraries:
0x00007ff6007d0000 - 0x00007ff600807000 	C:\Program Files\Java\jdk1.8.0_131\bin\java.exe
0x00007ff908970000 - 0x00007ff908b32000 	C:\Windows\SYSTEM32\ntdll.dll
0x00007ff906170000 - 0x00007ff90621d000 	C:\Windows\system32\KERNEL32.DLL
0x00007ff905bc0000 - 0x00007ff905d9d000 	C:\Windows\system32\KERNELBASE.dll
0x00007ff9084e0000 - 0x00007ff908586000 	C:\Windows\system32\ADVAPI32.dll
0x00007ff908440000 - 0x00007ff9084dd000 	C:\Windows\system32\msvcrt.dll
0x00007ff908380000 - 0x00007ff9083db000 	C:\Windows\system32\sechost.dll
0x00007ff907760000 - 0x00007ff907886000 	C:\Windows\system32\RPCRT4.dll
0x00007ff9080d0000 - 0x00007ff90821e000 	C:\Windows\system32\USER32.dll
0x00007ff907de0000 - 0x00007ff907f63000 	C:\Windows\system32\GDI32.dll
0x00007ff8f7300000 - 0x00007ff8f7574000 	C:\Windows\WinSxS\amd64_microsoft.windows.common-controls_6595b64144ccf1df_6.0.10240.17184_none_f41d7a705752bce6\COMCTL32.dll
0x00007ff908590000 - 0x00007ff9085c6000 	C:\Windows\system32\IMM32.DLL
0x00007ff907f70000 - 0x00007ff9080cc000 	C:\Windows\system32\MSCTF.dll
0x000000005d820000 - 0x000000005d8f2000 	C:\Program Files\Java\jdk1.8.0_131\jre\bin\msvcr100.dll
0x000000005cf80000 - 0x000000005d81c000 	C:\Program Files\Java\jdk1.8.0_131\jre\bin\server\jvm.dll
0x00007ff908370000 - 0x00007ff908378000 	C:\Windows\system32\PSAPI.DLL
0x00007ff8fd0c0000 - 0x00007ff8fd0c9000 	C:\Windows\SYSTEM32\WSOCK32.dll
0x00007ff902be0000 - 0x00007ff902bea000 	C:\Windows\SYSTEM32\VERSION.dll
0x00007ff901bb0000 - 0x00007ff901bd3000 	C:\Windows\SYSTEM32\WINMM.dll
0x00007ff908650000 - 0x00007ff9086b9000 	C:\Windows\system32\WS2_32.dll
0x00007ff906220000 - 0x00007ff906228000 	C:\Windows\system32\NSI.dll
0x00007ff901b80000 - 0x00007ff901bac000 	C:\Windows\SYSTEM32\WINMMBASE.dll
0x00007ff905ac0000 - 0x00007ff905b04000 	C:\Windows\system32\cfgmgr32.dll
0x00007ff903d10000 - 0x00007ff903d37000 	C:\Windows\SYSTEM32\DEVOBJ.dll
0x000000005cf70000 - 0x000000005cf7f000 	C:\Program Files\Java\jdk1.8.0_131\jre\bin\verify.dll
0x000000005cf40000 - 0x000000005cf69000 	C:\Program Files\Java\jdk1.8.0_131\jre\bin\java.dll
0x000000005cf20000 - 0x000000005cf36000 	C:\Program Files\Java\jdk1.8.0_131\jre\bin\zip.dll
0x00007ff906230000 - 0x00007ff907753000 	C:\Windows\system32\SHELL32.dll
0x00007ff905430000 - 0x00007ff905a59000 	C:\Windows\system32\windows.storage.dll
0x00007ff907a40000 - 0x00007ff907cbc000 	C:\Windows\system32\combase.dll
0x00007ff906040000 - 0x00007ff906091000 	C:\Windows\system32\shlwapi.dll
0x00007ff905420000 - 0x00007ff90542f000 	C:\Windows\system32\kernel.appcore.dll
0x00007ff905f70000 - 0x00007ff906023000 	C:\Windows\system32\shcore.dll
0x00007ff9053d0000 - 0x00007ff90541a000 	C:\Windows\system32\powrprof.dll
0x00007ff905390000 - 0x00007ff9053a3000 	C:\Windows\system32\profapi.dll

VM Arguments:
java_command: C:\Program Files (x86)\Android\android-sdk\build-tools\25.0.3\\lib\dx.jar --dex --no-strict --output obj\Debug\android\bin C:\Users\user\Documents\GitHub\fantacodeintern\DemoApp\DemoApp\DemoApp.Android\obj\Debug\android\bin\classes\classes.zip C:\Program Files (x86)\Microsoft Visual Studio\2017\Community\Common7\IDE\ReferenceAssemblies\Microsoft\Framework\MonoAndroid\v7.1\mono.android.jar obj\Debug\lp\1\jl\formsviewgroup.jar obj\Debug\lp\10\jl\bin\classes.jar obj\Debug\lp\11\jl\bin\classes.jar obj\Debug\lp\12\jl\bin\classes.jar obj\Debug\lp\13\jl\bin\classes.jar obj\Debug\lp\14\jl\bin\classes.jar obj\Debug\lp\15\jl\bin\classes.jar obj\Debug\lp\16\jl\bin\classes.jar obj\Debug\lp\17\jl\bin\classes.jar obj\Debug\lp\18\jl\bin\classes.jar obj\Debug\lp\19\jl\bin\classes.jar obj\Debug\lp\20\jl\bin\classes.jar obj\Debug\lp\21\jl\bin\classes.jar obj\Debug\lp\22\jl\bin\classes.jar obj\Debug\lp\23\jl\bin\classes.jar obj\Debug\lp\8\jl\bin\classes.jar
java_class_path (initial): C:\Program Files (x86)\Android\android-sdk\build-tools\25.0.3\\lib\dx.jar
Launcher Type: SUN_STANDARD

Environment Variables:
PATH=C:\Program Files\Java\jdk1.8.0_131\bin;C:\ProgramData\Oracle\Java\javapath;C:\Windows\system32;C:\Windows;C:\Windows\System32\Wbem;C:\Windows\System32\WindowsPowerShell\v1.0\;C:\Users\user\AppData\Local\Programs\Python\Python36-32;C:\Users\user\AppData\Local\Programs\Python\Python36-32\Scripts;C:\Users\user\.dnx\bin;C:\Program Files\Microsoft DNX\Dnvm\;C:\Program Files\Microsoft SQL Server\130\Tools\Binn\;C:\Program Files (x86)\MiKTeX 2.9\miktex\bin\;C:\Program Files\dotnet\;;C:\Program Files\Microsoft VS Code\bin;D:\Program Files\Microsoft VS Code\bin
USERNAME=user
OS=Windows_NT
PROCESSOR_IDENTIFIER=Intel64 Family 6 Model 60 Stepping 3, GenuineIntel



---------------  S Y S T E M  ---------------

OS: Windows 10.0 , 64 bit Build 10240 (10.0.10240.17113)

CPU:total 4 (initial active 4) (2 cores per cpu, 2 threads per core) family 6 model 60 stepping 3, cmov, cx8, fxsr, mmx, sse, sse2, sse3, ssse3, sse4.1, sse4.2, popcnt, avx, avx2, aes, clmul, erms, lzcnt, ht, tsc, tscinvbit, bmi1, bmi2

Memory: 4k page, physical 4104164k(381720k free), swap 5360884k(4060k free)

vm_info: Java HotSpot(TM) 64-Bit Server VM (25.131-b11) for windows-amd64 JRE (1.8.0_131-b11), built on Mar 15 2017 01:23:53 by "java_re" with MS VC++ 10.0 (VS2010)

time: Sat Jan 13 23:57:06 2018
elapsed time: 6 seconds (0d 0h 0m 6s)

